<?xml version="1.0" encoding="UTF-8"?>
<!-- Generated by org.testng.reporters.JUnitXMLReporter -->
<testsuite hostname="DESKTOP-FAAJO8O" ignored="0" name="Test2" tests="1" failures="1" timestamp="2022-07-31T16:12:20 IST" time="0.013" errors="0">
  <testcase name="@AfterMethod closeBrowser" time="0.0" classname="CrossBrowserTesting.CorssBrowserTestingDemo">
    <failure type="java.lang.NullPointerException">
      <![CDATA[java.lang.NullPointerException
at CrossBrowserTesting.CorssBrowserTestingDemo.closeBrowser(CorssBrowserTestingDemo.java:58)
at java.util.ArrayList.forEach(ArrayList.java:1257)
... Removed 32 stack frames]]>
    </failure>
  </testcase> <!-- @AfterMethod closeBrowser -->
  <testcase name="verifyTitel" time="0.001" classname="CrossBrowserTesting.CorssBrowserTestingDemo">
    <failure type="java.lang.NullPointerException">
      <![CDATA[java.lang.NullPointerException
at CrossBrowserTesting.CorssBrowserTestingDemo.verifyTitel(CorssBrowserTestingDemo.java:49)
at java.util.ArrayList.forEach(ArrayList.java:1257)
... Removed 27 stack frames]]>
    </failure>
  </testcase> <!-- verifyTitel -->
</testsuite> <!-- Test2 -->
