<?xml version="1.0" encoding="UTF-8"?>
<testng-results skipped="0" failed="1" ignored="0" total="3" passed="2">
  <reporter-output>
  </reporter-output>
  <suite name="Suite" duration-ms="14484" started-at="2022-07-31T16:12:14 IST" finished-at="2022-07-31T16:12:28 IST">
    <groups>
    </groups>
    <test name="Test1" duration-ms="5815" started-at="2022-07-31T16:12:14 IST" finished-at="2022-07-31T16:12:20 IST">
      <class name="CrossBrowserTesting.CorssBrowserTestingDemo">
        <test-method status="PASS" signature="launchBrowser(java.lang.String)[pri:0, instance:CrossBrowserTesting.CorssBrowserTestingDemo@3dfc5fb8]" name="launchBrowser" is-config="true" duration-ms="2515" started-at="2022-07-31T16:12:14 IST" finished-at="2022-07-31T16:12:16 IST">
          <params>
            <param index="0">
              <value>
                <![CDATA[chrome]]>
              </value>
            </param>
          </params>
          <reporter-output>
          </reporter-output>
        </test-method> <!-- launchBrowser -->
        <test-method status="PASS" signature="verifyTitel()[pri:0, instance:CrossBrowserTesting.CorssBrowserTestingDemo@3dfc5fb8]" name="verifyTitel" duration-ms="2526" started-at="2022-07-31T16:12:16 IST" finished-at="2022-07-31T16:12:19 IST">
          <reporter-output>
          </reporter-output>
        </test-method> <!-- verifyTitel -->
        <test-method status="PASS" signature="closeBrowser()[pri:0, instance:CrossBrowserTesting.CorssBrowserTestingDemo@3dfc5fb8]" name="closeBrowser" is-config="true" duration-ms="722" started-at="2022-07-31T16:12:19 IST" finished-at="2022-07-31T16:12:20 IST">
          <reporter-output>
          </reporter-output>
        </test-method> <!-- closeBrowser -->
      </class> <!-- CrossBrowserTesting.CorssBrowserTestingDemo -->
    </test> <!-- Test1 -->
    <test name="Test2" duration-ms="13" started-at="2022-07-31T16:12:20 IST" finished-at="2022-07-31T16:12:20 IST">
      <class name="CrossBrowserTesting.CorssBrowserTestingDemo">
        <test-method status="PASS" signature="launchBrowser(java.lang.String)[pri:0, instance:CrossBrowserTesting.CorssBrowserTestingDemo@b7dd107]" name="launchBrowser" is-config="true" duration-ms="1" started-at="2022-07-31T16:12:20 IST" finished-at="2022-07-31T16:12:20 IST">
          <params>
            <param index="0">
              <value>
                <![CDATA[msegde]]>
              </value>
            </param>
          </params>
          <reporter-output>
          </reporter-output>
        </test-method> <!-- launchBrowser -->
        <test-method status="FAIL" signature="verifyTitel()[pri:0, instance:CrossBrowserTesting.CorssBrowserTestingDemo@b7dd107]" name="verifyTitel" duration-ms="1" started-at="2022-07-31T16:12:20 IST" finished-at="2022-07-31T16:12:20 IST">
          <exception class="java.lang.NullPointerException">
            <full-stacktrace>
              <![CDATA[java.lang.NullPointerException
at CrossBrowserTesting.CorssBrowserTestingDemo.verifyTitel(CorssBrowserTestingDemo.java:49)
at sun.reflect.NativeMethodAccessorImpl.invoke0(Native Method)
at sun.reflect.NativeMethodAccessorImpl.invoke(NativeMethodAccessorImpl.java:62)
at sun.reflect.DelegatingMethodAccessorImpl.invoke(DelegatingMethodAccessorImpl.java:43)
at java.lang.reflect.Method.invoke(Method.java:498)
at org.testng.internal.MethodInvocationHelper.invokeMethod(MethodInvocationHelper.java:133)
at org.testng.internal.TestInvoker.invokeMethod(TestInvoker.java:598)
at org.testng.internal.TestInvoker.invokeTestMethod(TestInvoker.java:173)
at org.testng.internal.MethodRunner.runInSequence(MethodRunner.java:46)
at org.testng.internal.TestInvoker$MethodInvocationAgent.invoke(TestInvoker.java:824)
at org.testng.internal.TestInvoker.invokeTestMethods(TestInvoker.java:146)
at org.testng.internal.TestMethodWorker.invokeTestMethods(TestMethodWorker.java:146)
at org.testng.internal.TestMethodWorker.run(TestMethodWorker.java:128)
at java.util.ArrayList.forEach(ArrayList.java:1257)
at org.testng.TestRunner.privateRun(TestRunner.java:794)
at org.testng.TestRunner.run(TestRunner.java:596)
at org.testng.SuiteRunner.runTest(SuiteRunner.java:377)
at org.testng.SuiteRunner.runSequentially(SuiteRunner.java:371)
at org.testng.SuiteRunner.privateRun(SuiteRunner.java:332)
at org.testng.SuiteRunner.run(SuiteRunner.java:276)
at org.testng.SuiteRunnerWorker.runSuite(SuiteRunnerWorker.java:53)
at org.testng.SuiteRunnerWorker.run(SuiteRunnerWorker.java:96)
at org.testng.TestNG.runSuitesSequentially(TestNG.java:1212)
at org.testng.TestNG.runSuitesLocally(TestNG.java:1134)
at org.testng.TestNG.runSuites(TestNG.java:1063)
at org.testng.TestNG.run(TestNG.java:1031)
at org.testng.remote.AbstractRemoteTestNG.run(AbstractRemoteTestNG.java:115)
at org.testng.remote.RemoteTestNG.initAndRun(RemoteTestNG.java:251)
at org.testng.remote.RemoteTestNG.main(RemoteTestNG.java:77)
]]>
            </full-stacktrace>
          </exception> <!-- java.lang.NullPointerException -->
          <reporter-output>
          </reporter-output>
        </test-method> <!-- verifyTitel -->
        <test-method status="FAIL" signature="closeBrowser()[pri:0, instance:CrossBrowserTesting.CorssBrowserTestingDemo@b7dd107]" name="closeBrowser" is-config="true" duration-ms="0" started-at="2022-07-31T16:12:20 IST" finished-at="2022-07-31T16:12:20 IST">
          <exception class="java.lang.NullPointerException">
            <full-stacktrace>
              <![CDATA[java.lang.NullPointerException
at CrossBrowserTesting.CorssBrowserTestingDemo.closeBrowser(CorssBrowserTestingDemo.java:58)
at sun.reflect.NativeMethodAccessorImpl.invoke0(Native Method)
at sun.reflect.NativeMethodAccessorImpl.invoke(NativeMethodAccessorImpl.java:62)
at sun.reflect.DelegatingMethodAccessorImpl.invoke(DelegatingMethodAccessorImpl.java:43)
at java.lang.reflect.Method.invoke(Method.java:498)
at org.testng.internal.MethodInvocationHelper.invokeMethod(MethodInvocationHelper.java:133)
at org.testng.internal.MethodInvocationHelper.invokeMethodConsideringTimeout(MethodInvocationHelper.java:62)
at org.testng.internal.ConfigInvoker.invokeConfigurationMethod(ConfigInvoker.java:385)
at org.testng.internal.ConfigInvoker.invokeConfigurations(ConfigInvoker.java:321)
at org.testng.internal.TestInvoker.runConfigMethods(TestInvoker.java:700)
at org.testng.internal.TestInvoker.runAfterGroupsConfigurations(TestInvoker.java:676)
at org.testng.internal.TestInvoker.invokeMethod(TestInvoker.java:660)
at org.testng.internal.TestInvoker.invokeTestMethod(TestInvoker.java:173)
at org.testng.internal.MethodRunner.runInSequence(MethodRunner.java:46)
at org.testng.internal.TestInvoker$MethodInvocationAgent.invoke(TestInvoker.java:824)
at org.testng.internal.TestInvoker.invokeTestMethods(TestInvoker.java:146)
at org.testng.internal.TestMethodWorker.invokeTestMethods(TestMethodWorker.java:146)
at org.testng.internal.TestMethodWorker.run(TestMethodWorker.java:128)
at java.util.ArrayList.forEach(ArrayList.java:1257)
at org.testng.TestRunner.privateRun(TestRunner.java:794)
at org.testng.TestRunner.run(TestRunner.java:596)
at org.testng.SuiteRunner.runTest(SuiteRunner.java:377)
at org.testng.SuiteRunner.runSequentially(SuiteRunner.java:371)
at org.testng.SuiteRunner.privateRun(SuiteRunner.java:332)
at org.testng.SuiteRunner.run(SuiteRunner.java:276)
at org.testng.SuiteRunnerWorker.runSuite(SuiteRunnerWorker.java:53)
at org.testng.SuiteRunnerWorker.run(SuiteRunnerWorker.java:96)
at org.testng.TestNG.runSuitesSequentially(TestNG.java:1212)
at org.testng.TestNG.runSuitesLocally(TestNG.java:1134)
at org.testng.TestNG.runSuites(TestNG.java:1063)
at org.testng.TestNG.run(TestNG.java:1031)
at org.testng.remote.AbstractRemoteTestNG.run(AbstractRemoteTestNG.java:115)
at org.testng.remote.RemoteTestNG.initAndRun(RemoteTestNG.java:251)
at org.testng.remote.RemoteTestNG.main(RemoteTestNG.java:77)
]]>
            </full-stacktrace>
          </exception> <!-- java.lang.NullPointerException -->
          <reporter-output>
          </reporter-output>
        </test-method> <!-- closeBrowser -->
      </class> <!-- CrossBrowserTesting.CorssBrowserTestingDemo -->
    </test> <!-- Test2 -->
    <test name="Test3" duration-ms="8626" started-at="2022-07-31T16:12:20 IST" finished-at="2022-07-31T16:12:28 IST">
      <class name="CrossBrowserTesting.CorssBrowserTestingDemo">
        <test-method status="PASS" signature="launchBrowser(java.lang.String)[pri:0, instance:CrossBrowserTesting.CorssBrowserTestingDemo@3ecd23d9]" name="launchBrowser" is-config="true" duration-ms="4546" started-at="2022-07-31T16:12:20 IST" finished-at="2022-07-31T16:12:24 IST">
          <params>
            <param index="0">
              <value>
                <![CDATA[firefox]]>
              </value>
            </param>
          </params>
          <reporter-output>
          </reporter-output>
        </test-method> <!-- launchBrowser -->
        <test-method status="PASS" signature="verifyTitel()[pri:0, instance:CrossBrowserTesting.CorssBrowserTestingDemo@3ecd23d9]" name="verifyTitel" duration-ms="2878" started-at="2022-07-31T16:12:24 IST" finished-at="2022-07-31T16:12:27 IST">
          <reporter-output>
          </reporter-output>
        </test-method> <!-- verifyTitel -->
        <test-method status="PASS" signature="closeBrowser()[pri:0, instance:CrossBrowserTesting.CorssBrowserTestingDemo@3ecd23d9]" name="closeBrowser" is-config="true" duration-ms="1197" started-at="2022-07-31T16:12:27 IST" finished-at="2022-07-31T16:12:28 IST">
          <reporter-output>
          </reporter-output>
        </test-method> <!-- closeBrowser -->
      </class> <!-- CrossBrowserTesting.CorssBrowserTestingDemo -->
    </test> <!-- Test3 -->
  </suite> <!-- Suite -->
</testng-results>
