<?xml version="1.0" encoding="UTF-8"?>
<!-- Generated by org.testng.reporters.JUnitXMLReporter -->
<testsuite hostname="DESKTOP-FAAJO8O" ignored="0" name="Functionaltesting" tests="5" failures="0" timestamp="2022-07-30T15:29:50 IST" time="0.1" errors="0">
  <testcase name="CashOnDelivery" time="0.012" classname="BatchTesting.PaymentTest"/>
  <testcase name="NetBanking" time="0.002" classname="BatchTesting.PaymentTest"/>
  <testcase name="AddProductToCart" time="0.002" classname="BatchTesting.ProductPageTest"/>
  <testcase name="AddProductToWishList" time="0.001" classname="BatchTesting.ProductPageTest"/>
  <testcase name="SelectQuantity" time="0.002" classname="BatchTesting.ProductPageTest"/>
</testsuite> <!-- Functionaltesting -->
