<?xml version="1.0" encoding="UTF-8"?>
<!-- Generated by org.testng.reporters.JUnitXMLReporter -->
<testsuite hostname="DESKTOP-FAAJO8O" ignored="0" name="sanitytesting" tests="5" failures="0" timestamp="2022-07-30T15:29:50 IST" time="0.023" errors="0">
  <testcase name="LaunchAppkication" time="0.002" classname="BatchTesting.HomeScreenTest"/>
  <testcase name="VerifyLogo" time="0.002" classname="BatchTesting.HomeScreenTest"/>
  <testcase name="VerifyTitle" time="0.001" classname="BatchTesting.HomeScreenTest"/>
  <testcase name="LoginByEmail" time="0.002" classname="BatchTesting.LoginTest"/>
  <testcase name="LoginByMobileNumber" time="0.002" classname="BatchTesting.LoginTest"/>
</testsuite> <!-- sanitytesting -->
